{"numFailedTestSuites":1,"numFailedTests":0,"numPassedTestSuites":1,"numPassedTests":12,"numPendingTestSuites":0,"numPendingTests":0,"numRuntimeErrorTestSuites":1,"numTodoTests":0,"numTotalTestSuites":2,"numTotalTests":12,"openHandles":[],"snapshot":{"added":0,"didUpdate":false,"failure":false,"filesAdded":0,"filesRemoved":0,"filesRemovedList":[],"filesUnmatched":0,"filesUpdated":0,"matched":0,"total":0,"unchecked":0,"uncheckedKeysByFile":[],"unmatched":0,"updated":0},"startTime":1707740580191,"success":false,"testResults":[{"assertionResults":[{"ancestorTitles":["Rubric Evaluation"],"duration":3,"failureDetails":[],"failureMessages":[],"fullName":"Rubric Evaluation 1. it should be linked to CSS stylesheet","invocations":1,"location":null,"numPassingAsserts":1,"retryReasons":[],"status":"passed","title":"1. it should be linked to CSS stylesheet"},{"ancestorTitles":["Rubric Evaluation"],"duration":1,"failureDetails":[],"failureMessages":[],"fullName":"Rubric Evaluation 2. it should have a welcome section","invocations":1,"location":null,"numPassingAsserts":1,"retryReasons":[],"status":"passed","title":"2. it should have a welcome section"},{"ancestorTitles":["Rubric Evaluation"],"duration":8,"failureDetails":[],"failureMessages":[],"fullName":"Rubric Evaluation 3. it should have a h1 element containing text inside welcome section","invocations":1,"location":null,"numPassingAsserts":2,"retryReasons":[],"status":"passed","title":"3. it should have a h1 element containing text inside welcome section"},{"ancestorTitles":["Rubric Evaluation"],"duration":1,"failureDetails":[],"failureMessages":[],"fullName":"Rubric Evaluation 4. it should have a Projects section with id of projects","invocations":1,"location":null,"numPassingAsserts":1,"retryReasons":[],"status":"passed","title":"4. it should have a Projects section with id of projects"},{"ancestorTitles":["Rubric Evaluation"],"duration":4,"failureDetails":[],"failureMessages":[],"fullName":"Rubric Evaluation 5. Projects section should contain at least one project title","invocations":1,"location":null,"numPassingAsserts":1,"retryReasons":[],"status":"passed","title":"5. Projects section should contain at least one project title"},{"ancestorTitles":["Rubric Evaluation"],"duration":1,"failureDetails":[],"failureMessages":[],"fullName":"Rubric Evaluation 6. Projects section should contain at least one link","invocations":1,"location":null,"numPassingAsserts":1,"retryReasons":[],"status":"passed","title":"6. Projects section should contain at least one link"},{"ancestorTitles":["Rubric Evaluation"],"duration":0,"failureDetails":[],"failureMessages":[],"fullName":"Rubric Evaluation 7. Navbar exists with id of navbar","invocations":1,"location":null,"numPassingAsserts":1,"retryReasons":[],"status":"passed","title":"7. Navbar exists with id of navbar"},{"ancestorTitles":["Rubric Evaluation"],"duration":2,"failureDetails":[],"failureMessages":[],"fullName":"Rubric Evaluation 8. Navbar shoul contain at least one clickable link","invocations":1,"location":null,"numPassingAsserts":2,"retryReasons":[],"status":"passed","title":"8. Navbar shoul contain at least one clickable link"},{"ancestorTitles":["Rubric Evaluation"],"duration":15,"failureDetails":[],"failureMessages":[],"fullName":"Rubric Evaluation Profile link exists and opens in a new tab","invocations":1,"location":null,"numPassingAsserts":3,"retryReasons":[],"status":"passed","title":"Profile link exists and opens in a new tab"},{"ancestorTitles":["Rubric Evaluation"],"duration":0,"failureDetails":[],"failureMessages":[],"fullName":"Rubric Evaluation 10. CSS file contains at least one media query","invocations":1,"location":null,"numPassingAsserts":1,"retryReasons":[],"status":"passed","title":"10. CSS file contains at least one media query"},{"ancestorTitles":["Rubric Evaluation"],"duration":2,"failureDetails":[],"failureMessages":[],"fullName":"Rubric Evaluation 11. Welcome section height is equal to viewport height","invocations":1,"location":null,"numPassingAsserts":0,"retryReasons":[],"status":"passed","title":"11. Welcome section height is equal to viewport height"},{"ancestorTitles":["Rubric Evaluation"],"duration":1,"failureDetails":[],"failureMessages":[],"fullName":"Rubric Evaluation 12. Navbar is always fixed at the top of the viewport","invocations":1,"location":null,"numPassingAsserts":1,"retryReasons":[],"status":"passed","title":"12. Navbar is always fixed at the top of the viewport"}],"endTime":1707740581030,"message":"","name":"/home/juan/Documents/dev/m-portfolio-review/front.spec.js","startTime":1707740580712,"status":"passed","summary":""},{"assertionResults":[],"coverage":{},"endTime":1707740581137,"message":"  ● Test suite failed to run\n\n    Your test suite must contain at least one test.\n\n      at onResult (node_modules/@jest/core/build/TestScheduler.js:133:18)\n      at node_modules/@jest/core/build/TestScheduler.js:254:19\n      at node_modules/emittery/index.js:363:13\n          at Array.map (<anonymous>)\n      at Emittery.emit (node_modules/emittery/index.js:361:23)\n","name":"/home/juan/Documents/dev/m-portfolio-review/test.ts","startTime":1707740581137,"status":"failed","summary":""}],"wasInterrupted":false}
